[03/01/24 12:34:20] INFO     Starting Routing!                    routing.py:194
                    DEBUG    Reading graph and postcodes.         routing.py:195
[03/01/24 12:34:45] DEBUG    Finished reading nodes, edges and    routing.py:211
                             postcodes.                                         
                    DEBUG    Starting Routing for ['gpp',         routing.py:215
                             'hospitals', 'pharmacies'].                        
                    DEBUG    Starting routing for gpp (1/3).      routing.py:220
/var/home/cillian/micromamba/envs/ahahv4/lib/python3.10/site-packages/cugraph/structure/symmetrize.py:93: FutureWarning: Multi is deprecated and the removal of multi edges will no longer be supported from 'symmetrize'. Multi edges will be removed upon creation of graph instance.
  warnings.warn(
Processing gpp... ━━━━━━━━━━━━━━━━━━━━━━━━━━━━━━━━━━━━━━━━ 100% 0:33:52
[03/01/24 13:08:38] DEBUG    Routing complete for gpp in 33.87     routing.py:96
                             minutes, finding minimum distances.                
                    DEBUG    Saving distances for gpp to          routing.py:240
                             /var/home/cillian/drive/ahah/data/ou               
                             t/distances_gpp.csv.                               
[03/01/24 13:08:39] DEBUG    Starting routing for hospitals       routing.py:220
                             (2/3).                                             
/var/home/cillian/micromamba/envs/ahahv4/lib/python3.10/site-packages/cugraph/structure/symmetrize.py:93: FutureWarning: Multi is deprecated and the removal of multi edges will no longer be supported from 'symmetrize'. Multi edges will be removed upon creation of graph instance.
  warnings.warn(
Processing hospitals... ━━━━━━━━━━━━━━━━━━━━━━━━━━━━━━━━━━━━━━━━ 100% 0:42:17
[03/01/24 13:50:57] DEBUG    Routing complete for hospitals in     routing.py:96
                             42.29 minutes, finding minimum                     
                             distances.                                         
                    DEBUG    Saving distances for hospitals to    routing.py:240
                             /var/home/cillian/drive/ahah/data/ou               
                             t/distances_hospitals.csv.                         
[03/01/24 13:50:59] DEBUG    Starting routing for pharmacies      routing.py:220
                             (3/3).                                             
/var/home/cillian/micromamba/envs/ahahv4/lib/python3.10/site-packages/cugraph/structure/symmetrize.py:93: FutureWarning: Multi is deprecated and the removal of multi edges will no longer be supported from 'symmetrize'. Multi edges will be removed upon creation of graph instance.
  warnings.warn(
Processing pharmacies... ━━━━━━━━━━━━━━━━━━━━━━━━━━━━━━━━━━━━━━━━ 100% 0:41:38
[03/01/24 14:32:38] DEBUG    Routing complete for pharmacies in    routing.py:96
                             41.65 minutes, finding minimum                     
                             distances.                                         
                    DEBUG    Saving distances for pharmacies to   routing.py:240
                             /var/home/cillian/drive/ahah/data/ou               
                             t/distances_pharmacies.csv.                        
